Sun Feb 18 2024 20:59:55 GMT+0200 (שעון ישראל (חורף))
Incorrect email or password
-----------------------------------------------------
Sun Feb 18 2024 21:00:53 GMT+0200 (שעון ישראל (חורף))
id 13434 not found.
-----------------------------------------------------
Sun Feb 18 2024 21:20:23 GMT+0200 (שעון ישראל (חורף))
Route /favicon.ico not found.
-----------------------------------------------------
Wed Feb 28 2024 15:18:30 GMT+0200 (שעון ישראל (חורף))
You are not logged-in.
-----------------------------------------------------
Wed Feb 28 2024 15:19:39 GMT+0200 (שעון ישראל (חורף))
You are not logged-in.
-----------------------------------------------------
Wed Feb 28 2024 15:20:30 GMT+0200 (שעון ישראל (חורף))
You are not logged-in.
-----------------------------------------------------
Wed Feb 28 2024 15:21:01 GMT+0200 (שעון ישראל (חורף))
You are not logged-in.
-----------------------------------------------------
Wed Feb 28 2024 15:21:24 GMT+0200 (שעון ישראל (חורף))
Route /api/categories/1 not found.
-----------------------------------------------------
Wed Feb 28 2024 15:22:23 GMT+0200 (שעון ישראל (חורף))
Route /api/categories/1 not found.
-----------------------------------------------------
Wed Feb 28 2024 15:22:56 GMT+0200 (שעון ישראל (חורף))
Route /api/categories not found.
-----------------------------------------------------
Wed Feb 28 2024 15:24:51 GMT+0200 (שעון ישראל (חורף))
Route /api/categories not found.
-----------------------------------------------------
Wed Feb 28 2024 15:25:37 GMT+0200 (שעון ישראל (חורף))
Route /api/categories not found.
-----------------------------------------------------
Wed Feb 28 2024 15:27:12 GMT+0200 (שעון ישראל (חורף))
Route /api/categories not found.
-----------------------------------------------------
Sun Apr 07 2024 11:56:07 GMT+0300 (שעון ישראל (קיץ))
Access denied for user 'root'@'localhost' (using password: NO)
-----------------------------------------------------
Sun Apr 07 2024 11:56:19 GMT+0300 (שעון ישראל (קיץ))
Access denied for user 'root'@'localhost' (using password: NO)
-----------------------------------------------------
Sun Apr 07 2024 11:56:22 GMT+0300 (שעון ישראל (קיץ))
Access denied for user 'root'@'localhost' (using password: NO)
-----------------------------------------------------
Sun Apr 07 2024 11:57:41 GMT+0300 (שעון ישראל (קיץ))
Access denied for user 'root'@'localhost' (using password: NO)
-----------------------------------------------------
Sun Apr 07 2024 11:57:59 GMT+0300 (שעון ישראל (קיץ))
Access denied for user 'root'@'localhost' (using password: NO)
-----------------------------------------------------
Sun Apr 07 2024 11:58:26 GMT+0300 (שעון ישראל (קיץ))
Access denied for user 'root'@'localhost' (using password: NO)
-----------------------------------------------------
Sun Apr 07 2024 11:58:58 GMT+0300 (שעון ישראל (קיץ))
Access denied for user 'root'@'localhost' (using password: NO)
-----------------------------------------------------
Sun Apr 07 2024 11:59:24 GMT+0300 (שעון ישראל (קיץ))
Access denied for user 'root'@'localhost' (using password: NO)
-----------------------------------------------------
Sun Apr 07 2024 12:00:05 GMT+0300 (שעון ישראל (קיץ))
Access denied for user 'root'@'localhost' (using password: NO)
-----------------------------------------------------
Sun Apr 07 2024 18:01:44 GMT+0300 (שעון ישראל (קיץ))
You are not logged-in.
-----------------------------------------------------
Sun Apr 07 2024 21:41:32 GMT+0300 (שעון ישראל (קיץ))
Route /api/vacations/9 not found.
-----------------------------------------------------
